;  LST file generated by mikroListExporter - v.2.0 
; Date/Time: 29/02/2016 14:05:40
;----------------------------------------------

;Address Opcode 	ASM
0x0000	0xF002EF05  	GOTO        1034
_interrupt:
;Practica5b.c,21 :: 		void interrupt() {
0x0008	0xF018C000  	MOVFF       R0, 24
0x000C	0xF017C001  	MOVFF       R1, 23
0x0010	0xF016C00C  	MOVFF       R12, 22
0x0014	0xF015C00D  	MOVFF       R13, 21
;Practica5b.c,22 :: 		if( INTCON.RBIE && INTCON.RBIF ){
0x0018	0xA6F2      	BTFSS       INTCON, 3 
0x001A	0xD030      	BRA         L_interrupt2
0x001C	0xA0F2      	BTFSS       INTCON, 0 
0x001E	0xD02E      	BRA         L_interrupt2
L__interrupt6:
;Practica5b.c,23 :: 		doInterr = !doInterr;
0x0020	0x5219      	MOVF        _doInterr, 1 
0x0022	0x0E01      	MOVLW       1
0x0024	0xA4D8      	BTFSS       STATUS, 2 
0x0026	0x0E00      	MOVLW       0
0x0028	0x6E00      	MOVWF       R0 
0x002A	0xF019C000  	MOVFF       R0, _doInterr
;Practica5b.c,24 :: 		x=PORTB;
0x002E	0xF020CF81  	MOVFF       PORTB, _x
;Practica5b.c,25 :: 		INTCON.RBIF = 0;
0x0032	0x90F2      	BCF         INTCON, 0 
;Practica5b.c,26 :: 		if(!doInterr){
0x0034	0x5200      	MOVF        R0, 1 
0x0036	0xE101      	BNZ         L_interrupt3
;Practica5b.c,27 :: 		return;
0x0038	0xD021      	BRA         L__interrupt8
;Practica5b.c,28 :: 		}
L_interrupt3:
;Practica5b.c,29 :: 		cont = (cont + 1)%100;
0x003A	0x501F      	MOVF        _cont, 0 
0x003C	0x0F01      	ADDLW       1
0x003E	0x6E00      	MOVWF       R0 
0x0040	0x6A01      	CLRF        R1 
0x0042	0x0E00      	MOVLW       0
0x0044	0x2201      	ADDWFC      R1, 1 
0x0046	0x0E64      	MOVLW       100
0x0048	0x6E04      	MOVWF       R4 
0x004A	0x0E00      	MOVLW       0
0x004C	0x6E05      	MOVWF       R5 
0x004E	0xD97A      	RCALL       _Div_16x16_S
0x0050	0xF000C008  	MOVFF       R8, R0
0x0054	0xF001C009  	MOVFF       R9, R1
0x0058	0xF01FC000  	MOVFF       R0, _cont
;Practica5b.c,30 :: 		ByteToStr (cont, txt);
0x005C	0xF021C000  	MOVFF       R0, FARG_ByteToStr_input
0x0060	0x0E1A      	MOVLW       _txt
0x0062	0x6E22      	MOVWF       FARG_ByteToStr_output 
0x0064	0x0E00      	MOVLW       hi_addr(_txt)
0x0066	0x6E23      	MOVWF       FARG_ByteToStr_output+1 
0x0068	0xD8A4      	RCALL       _ByteToStr
;Practica5b.c,31 :: 		Lcd_out(1,1, txt);
0x006A	0x0E01      	MOVLW       1
0x006C	0x6E21      	MOVWF       FARG_Lcd_Out_row 
0x006E	0x0E01      	MOVLW       1
0x0070	0x6E22      	MOVWF       FARG_Lcd_Out_column 
0x0072	0x0E1A      	MOVLW       _txt
0x0074	0x6E23      	MOVWF       FARG_Lcd_Out_text 
0x0076	0x0E00      	MOVLW       hi_addr(_txt)
0x0078	0x6E24      	MOVWF       FARG_Lcd_Out_text+1 
0x007A	0xD927      	RCALL       _Lcd_Out
;Practica5b.c,32 :: 		}
L_interrupt2:
;Practica5b.c,33 :: 		}
L_end_interrupt:
L__interrupt8:
0x007C	0xF000C018  	MOVFF       24, R0
0x0080	0xF001C017  	MOVFF       23, R1
0x0084	0xF00CC016  	MOVFF       22, R12
0x0088	0xF00DC015  	MOVFF       21, R13
0x008C	0x0011      	RETFIE      1
; end of _interrupt
_Delay_5500us:
;__Lib_Delays.c,31 :: 		void Delay_5500us() {
;__Lib_Delays.c,32 :: 		Delay_us(5500);
0x008E	0x0E0F      	MOVLW       15
0x0090	0x6E0C      	MOVWF       R12, 0
0x0092	0x0E47      	MOVLW       71
0x0094	0x6E0D      	MOVWF       R13, 0
L_Delay_5500us5:
0x0096	0x2E0D      	DECFSZ      R13, 1, 0
0x0098	0xD7FE      	BRA         L_Delay_5500us5
0x009A	0x2E0C      	DECFSZ      R12, 1, 0
0x009C	0xD7FC      	BRA         L_Delay_5500us5
0x009E	0x0000      	NOP
0x00A0	0x0000      	NOP
;__Lib_Delays.c,33 :: 		}
L_end_Delay_5500us:
0x00A2	0x0012      	RETURN      0
; end of _Delay_5500us
_Delay_1us:
;__Lib_Delays.c,7 :: 		void Delay_1us() {
;__Lib_Delays.c,8 :: 		Delay_us(1);
0x00A4	0x0000      	NOP
0x00A6	0x0000      	NOP
;__Lib_Delays.c,9 :: 		}
L_end_Delay_1us:
0x00A8	0x0012      	RETURN      0
; end of _Delay_1us
_Delay_50us:
;__Lib_Delays.c,19 :: 		void Delay_50us() {
;__Lib_Delays.c,20 :: 		Delay_us(50);
0x00AA	0x0E21      	MOVLW       33
0x00AC	0x6E0D      	MOVWF       R13, 0
L_Delay_50us2:
0x00AE	0x2E0D      	DECFSZ      R13, 1, 0
0x00B0	0xD7FE      	BRA         L_Delay_50us2
;__Lib_Delays.c,21 :: 		}
L_end_Delay_50us:
0x00B2	0x0012      	RETURN      0
; end of _Delay_50us
_Lcd_Cmd:
;__Lib_Lcd.c,18 :: 		
;__Lib_Lcd.c,20 :: 		
0x00B4	0xBE28      	BTFSC       FARG_Lcd_Cmd_out_char, 7 
0x00B6	0xD002      	BRA         L__Lcd_Cmd21
0x00B8	0x9E83      	BCF         LCD_D7, BitPos(LCD_D7+0) 
0x00BA	0xD001      	BRA         L__Lcd_Cmd22
L__Lcd_Cmd21:
0x00BC	0x8E83      	BSF         LCD_D7, BitPos(LCD_D7+0) 
L__Lcd_Cmd22:
;__Lib_Lcd.c,21 :: 		
0x00BE	0xBC28      	BTFSC       FARG_Lcd_Cmd_out_char, 6 
0x00C0	0xD002      	BRA         L__Lcd_Cmd23
0x00C2	0x9C83      	BCF         LCD_D6, BitPos(LCD_D6+0) 
0x00C4	0xD001      	BRA         L__Lcd_Cmd24
L__Lcd_Cmd23:
0x00C6	0x8C83      	BSF         LCD_D6, BitPos(LCD_D6+0) 
L__Lcd_Cmd24:
;__Lib_Lcd.c,22 :: 		
0x00C8	0xBA28      	BTFSC       FARG_Lcd_Cmd_out_char, 5 
0x00CA	0xD002      	BRA         L__Lcd_Cmd25
0x00CC	0x9A83      	BCF         LCD_D5, BitPos(LCD_D5+0) 
0x00CE	0xD001      	BRA         L__Lcd_Cmd26
L__Lcd_Cmd25:
0x00D0	0x8A83      	BSF         LCD_D5, BitPos(LCD_D5+0) 
L__Lcd_Cmd26:
;__Lib_Lcd.c,23 :: 		
0x00D2	0xB828      	BTFSC       FARG_Lcd_Cmd_out_char, 4 
0x00D4	0xD002      	BRA         L__Lcd_Cmd27
0x00D6	0x9883      	BCF         LCD_D4, BitPos(LCD_D4+0) 
0x00D8	0xD001      	BRA         L__Lcd_Cmd28
L__Lcd_Cmd27:
0x00DA	0x8883      	BSF         LCD_D4, BitPos(LCD_D4+0) 
L__Lcd_Cmd28:
;__Lib_Lcd.c,25 :: 		
0x00DC	0xB01E      	BTFSC       __Lib_Lcd_cmd_status, BitPos(__Lib_Lcd_cmd_status+0) 
0x00DE	0xD002      	BRA         L__Lcd_Cmd29
0x00E0	0x8483      	BSF         LCD_RS, BitPos(LCD_RS+0) 
0x00E2	0xD001      	BRA         L__Lcd_Cmd30
L__Lcd_Cmd29:
0x00E4	0x9483      	BCF         LCD_RS, BitPos(LCD_RS+0) 
L__Lcd_Cmd30:
;__Lib_Lcd.c,28 :: 		
0x00E6	0x8683      	BSF         LCD_EN, BitPos(LCD_EN+0) 
;__Lib_Lcd.c,29 :: 		
0x00E8	0xDFDD      	RCALL       _Delay_1us
;__Lib_Lcd.c,30 :: 		
0x00EA	0x9683      	BCF         LCD_EN, BitPos(LCD_EN+0) 
;__Lib_Lcd.c,33 :: 		
0x00EC	0xB628      	BTFSC       FARG_Lcd_Cmd_out_char, 3 
0x00EE	0xD002      	BRA         L__Lcd_Cmd31
0x00F0	0x9E83      	BCF         LCD_D7, BitPos(LCD_D7+0) 
0x00F2	0xD001      	BRA         L__Lcd_Cmd32
L__Lcd_Cmd31:
0x00F4	0x8E83      	BSF         LCD_D7, BitPos(LCD_D7+0) 
L__Lcd_Cmd32:
;__Lib_Lcd.c,34 :: 		
0x00F6	0xB428      	BTFSC       FARG_Lcd_Cmd_out_char, 2 
0x00F8	0xD002      	BRA         L__Lcd_Cmd33
0x00FA	0x9C83      	BCF         LCD_D6, BitPos(LCD_D6+0) 
0x00FC	0xD001      	BRA         L__Lcd_Cmd34
L__Lcd_Cmd33:
0x00FE	0x8C83      	BSF         LCD_D6, BitPos(LCD_D6+0) 
L__Lcd_Cmd34:
;__Lib_Lcd.c,35 :: 		
0x0100	0xB228      	BTFSC       FARG_Lcd_Cmd_out_char, 1 
0x0102	0xD002      	BRA         L__Lcd_Cmd35
0x0104	0x9A83      	BCF         LCD_D5, BitPos(LCD_D5+0) 
0x0106	0xD001      	BRA         L__Lcd_Cmd36
L__Lcd_Cmd35:
0x0108	0x8A83      	BSF         LCD_D5, BitPos(LCD_D5+0) 
L__Lcd_Cmd36:
;__Lib_Lcd.c,36 :: 		
0x010A	0xB028      	BTFSC       FARG_Lcd_Cmd_out_char, 0 
0x010C	0xD002      	BRA         L__Lcd_Cmd37
0x010E	0x9883      	BCF         LCD_D4, BitPos(LCD_D4+0) 
0x0110	0xD001      	BRA         L__Lcd_Cmd38
L__Lcd_Cmd37:
0x0112	0x8883      	BSF         LCD_D4, BitPos(LCD_D4+0) 
L__Lcd_Cmd38:
;__Lib_Lcd.c,38 :: 		
0x0114	0xB01E      	BTFSC       __Lib_Lcd_cmd_status, BitPos(__Lib_Lcd_cmd_status+0) 
0x0116	0xD002      	BRA         L__Lcd_Cmd39
0x0118	0x8483      	BSF         LCD_RS, BitPos(LCD_RS+0) 
0x011A	0xD001      	BRA         L__Lcd_Cmd40
L__Lcd_Cmd39:
0x011C	0x9483      	BCF         LCD_RS, BitPos(LCD_RS+0) 
L__Lcd_Cmd40:
;__Lib_Lcd.c,40 :: 		
0x011E	0x8683      	BSF         LCD_EN, BitPos(LCD_EN+0) 
;__Lib_Lcd.c,41 :: 		
0x0120	0xDFC1      	RCALL       _Delay_1us
;__Lib_Lcd.c,42 :: 		
0x0122	0x9683      	BCF         LCD_EN, BitPos(LCD_EN+0) 
;__Lib_Lcd.c,44 :: 		
0x0124	0xA01E      	BTFSS       __Lib_Lcd_cmd_status, BitPos(__Lib_Lcd_cmd_status+0) 
0x0126	0xD002      	BRA         L_Lcd_Cmd0
;__Lib_Lcd.c,45 :: 		
0x0128	0xDFB2      	RCALL       _Delay_5500us
0x012A	0xD001      	BRA         L_Lcd_Cmd1
L_Lcd_Cmd0:
;__Lib_Lcd.c,47 :: 		
0x012C	0xDFBE      	RCALL       _Delay_50us
L_Lcd_Cmd1:
;__Lib_Lcd.c,48 :: 		
L_end_Lcd_Cmd:
0x012E	0x0012      	RETURN      0
; end of _Lcd_Cmd
_Div_8X8_U:
;__Lib_Math.c,77 :: 		
;__Lib_Math.c,84 :: 		
0x0130	0x6A08      	CLRF        R8, 0
;__Lib_Math.c,85 :: 		
0x0132	0x0E08      	MOVLW       8
;__Lib_Math.c,86 :: 		
0x0134	0x6E0C      	MOVWF       R12, 0
;__Lib_Math.c,87 :: 		
0x0136	0x3400      	RLCF        R0, 0, 0
;__Lib_Math.c,88 :: 		
0x0138	0x3608      	RLCF        R8, 1, 0
;__Lib_Math.c,89 :: 		
0x013A	0x5004      	MOVF        R4, 0, 0
;__Lib_Math.c,90 :: 		
0x013C	0x5E08      	SUBWF       R8, 1, 0
;__Lib_Math.c,91 :: 		
0x013E	0xB0D8      	BTFSC       STATUS, 0, 0
;__Lib_Math.c,92 :: 		
0x0140	0xD002      	BRA         $+6
;__Lib_Math.c,93 :: 		
0x0142	0x2608      	ADDWF       R8, 1, 0
;__Lib_Math.c,94 :: 		
0x0144	0x90D8      	BCF         STATUS, 0, 0
;__Lib_Math.c,95 :: 		
0x0146	0x3600      	RLCF        R0, 1, 0
;__Lib_Math.c,96 :: 		
0x0148	0x2E0C      	DECFSZ      R12, 1, 0
;__Lib_Math.c,97 :: 		
0x014A	0xD7F5      	BRA         $-20
;__Lib_Math.c,99 :: 		
L_end_Div_8X8_U:
0x014C	0x0012      	RETURN      0
; end of _Div_8X8_U
_Div_16x16_S_L:
;__Lib_Math.c,139 :: 		
;__Lib_Math.c,146 :: 		
0x014E	0x3401      	RLCF        R1, 0, 0
;__Lib_Math.c,147 :: 		
0x0150	0x3608      	RLCF        R8, 1, 0
;__Lib_Math.c,148 :: 		
0x0152	0x3609      	RLCF        R9, 1, 0
;__Lib_Math.c,149 :: 		
0x0154	0x5004      	MOVF        R4, 0, 0
;__Lib_Math.c,150 :: 		
0x0156	0x5E08      	SUBWF       R8, 1, 0
;__Lib_Math.c,151 :: 		
0x0158	0x5005      	MOVF        R5, 0, 0
;__Lib_Math.c,152 :: 		
0x015A	0xA0D8      	BTFSS       STATUS, 0, 0
;__Lib_Math.c,153 :: 		
0x015C	0x3C05      	INCFSZ      R5, 0, 0
;__Lib_Math.c,154 :: 		
0x015E	0x5E09      	SUBWF       R9, 1, 0
;__Lib_Math.c,155 :: 		
0x0160	0x3600      	RLCF        R0, 1, 0
;__Lib_Math.c,156 :: 		
0x0162	0x3601      	RLCF        R1, 1, 0
;__Lib_Math.c,158 :: 		
0x0164	0x0E0F      	MOVLW       15
;__Lib_Math.c,159 :: 		
0x0166	0x6E0C      	MOVWF       R12, 0
;__Lib_Math.c,161 :: 		
0x0168	0x3401      	RLCF        R1, 0, 0
;__Lib_Math.c,162 :: 		
0x016A	0x3608      	RLCF        R8, 1, 0
;__Lib_Math.c,163 :: 		
0x016C	0x3609      	RLCF        R9, 1, 0
;__Lib_Math.c,164 :: 		
0x016E	0x5004      	MOVF        R4, 0, 0
;__Lib_Math.c,166 :: 		
0x0170	0xA000      	BTFSS       R0, 0, 0
;__Lib_Math.c,167 :: 		
0x0172	0xD006      	BRA         $+14
;__Lib_Math.c,168 :: 		
0x0174	0x5E08      	SUBWF       R8, 1, 0
;__Lib_Math.c,169 :: 		
0x0176	0x5005      	MOVF        R5, 0, 0
;__Lib_Math.c,170 :: 		
0x0178	0xA0D8      	BTFSS       STATUS, 0, 0
;__Lib_Math.c,171 :: 		
0x017A	0x3C05      	INCFSZ      R5, 0, 0
;__Lib_Math.c,172 :: 		
0x017C	0x5E09      	SUBWF       R9, 1, 0
;__Lib_Math.c,173 :: 		
0x017E	0xD005      	BRA         $+12
;__Lib_Math.c,175 :: 		
0x0180	0x2608      	ADDWF       R8, 1, 0
;__Lib_Math.c,176 :: 		
0x0182	0x5005      	MOVF        R5, 0, 0
;__Lib_Math.c,177 :: 		
0x0184	0xB0D8      	BTFSC       STATUS, 0, 0
;__Lib_Math.c,178 :: 		
0x0186	0x3C05      	INCFSZ      R5, 0, 0
;__Lib_Math.c,179 :: 		
0x0188	0x2609      	ADDWF       R9, 1, 0
;__Lib_Math.c,181 :: 		
0x018A	0x3600      	RLCF        R0, 1, 0
;__Lib_Math.c,182 :: 		
0x018C	0x3601      	RLCF        R1, 1, 0
;__Lib_Math.c,184 :: 		
0x018E	0x2E0C      	DECFSZ      R12, 1, 0
;__Lib_Math.c,185 :: 		
0x0190	0xD7EB      	BRA         $-40
;__Lib_Math.c,187 :: 		
0x0192	0xB000      	BTFSC       R0, 0, 0
;__Lib_Math.c,188 :: 		
0x0194	0xD006      	BRA         $+14
;__Lib_Math.c,189 :: 		
0x0196	0x5004      	MOVF        R4, 0, 0
;__Lib_Math.c,190 :: 		
0x0198	0x2608      	ADDWF       R8, 1, 0
;__Lib_Math.c,191 :: 		
0x019A	0x5005      	MOVF        R5, 0, 0
;__Lib_Math.c,192 :: 		
0x019C	0xB0D8      	BTFSC       STATUS, 0, 0
;__Lib_Math.c,193 :: 		
0x019E	0x3C05      	INCFSZ      R5, 0, 0
;__Lib_Math.c,194 :: 		
0x01A0	0x2609      	ADDWF       R9, 1, 0
;__Lib_Math.c,195 :: 		
0x01A2	0x0000      	NOP
;__Lib_Math.c,197 :: 		
L_end_Div_16x16_S_L:
0x01A4	0x0012      	RETURN      0
; end of _Div_16x16_S_L
_Lcd_Chr_CP:
;__Lib_Lcd.c,50 :: 		
;__Lib_Lcd.c,52 :: 		
0x01A6	0x901E      	BCF         __Lib_Lcd_cmd_status, BitPos(__Lib_Lcd_cmd_status+0) 
;__Lib_Lcd.c,53 :: 		
0x01A8	0xF028C027  	MOVFF       FARG_Lcd_Chr_CP_out_char, FARG_Lcd_Cmd_out_char
0x01AC	0xDF83      	RCALL       _Lcd_Cmd
;__Lib_Lcd.c,54 :: 		
0x01AE	0x801E      	BSF         __Lib_Lcd_cmd_status, BitPos(__Lib_Lcd_cmd_status+0) 
;__Lib_Lcd.c,55 :: 		
L_end_Lcd_Chr_CP:
0x01B0	0x0012      	RETURN      0
; end of _Lcd_Chr_CP
_ByteToStr:
;__Lib_Conversions.c,66 :: 		
;__Lib_Conversions.c,69 :: 		
0x01B2	0x6A24      	CLRF        ByteToStr_DigitPos_L0 
L_ByteToStr0:
0x01B4	0x0E03      	MOVLW       3
0x01B6	0x5C24      	SUBWF       ByteToStr_DigitPos_L0, 0 
0x01B8	0xE20A      	BC          L_ByteToStr1
;__Lib_Conversions.c,70 :: 		
0x01BA	0x5024      	MOVF        ByteToStr_DigitPos_L0, 0 
0x01BC	0x2422      	ADDWF       FARG_ByteToStr_output, 0 
0x01BE	0x6EE1      	MOVWF       FSR1L 
0x01C0	0x0E00      	MOVLW       0
0x01C2	0x2023      	ADDWFC      FARG_ByteToStr_output+1, 0 
0x01C4	0x6EE2      	MOVWF       FSR1H 
0x01C6	0x0E20      	MOVLW       32
0x01C8	0x6EE6      	MOVWF       POSTINC1 
;__Lib_Conversions.c,69 :: 		
0x01CA	0x2A24      	INCF        ByteToStr_DigitPos_L0, 1 
;__Lib_Conversions.c,70 :: 		
0x01CC	0xD7F3      	BRA         L_ByteToStr0
L_ByteToStr1:
;__Lib_Conversions.c,72 :: 		
0x01CE	0x5024      	MOVF        ByteToStr_DigitPos_L0, 0 
0x01D0	0x2422      	ADDWF       FARG_ByteToStr_output, 0 
0x01D2	0x6EE1      	MOVWF       FSR1L 
0x01D4	0x0E00      	MOVLW       0
0x01D6	0x2023      	ADDWFC      FARG_ByteToStr_output+1, 0 
0x01D8	0x6EE2      	MOVWF       FSR1H 
0x01DA	0x6AE6      	CLRF        POSTINC1 
0x01DC	0x0624      	DECF        ByteToStr_DigitPos_L0, 1 
;__Lib_Conversions.c,74 :: 		
L_ByteToStr3:
;__Lib_Conversions.c,75 :: 		
0x01DE	0x5024      	MOVF        ByteToStr_DigitPos_L0, 0 
0x01E0	0x2422      	ADDWF       FARG_ByteToStr_output, 0 
0x01E2	0x6E25      	MOVWF       FLOC__ByteToStr 
0x01E4	0x0E00      	MOVLW       0
0x01E6	0x2023      	ADDWFC      FARG_ByteToStr_output+1, 0 
0x01E8	0x6E26      	MOVWF       FLOC__ByteToStr+1 
0x01EA	0x0E0A      	MOVLW       10
0x01EC	0x6E04      	MOVWF       R4 
0x01EE	0xF000C021  	MOVFF       FARG_ByteToStr_input, R0
0x01F2	0xDF9E      	RCALL       _Div_8X8_U
0x01F4	0xF000C008  	MOVFF       R8, R0
0x01F8	0x0E30      	MOVLW       48
0x01FA	0x2600      	ADDWF       R0, 1 
0x01FC	0xFFE1C025  	MOVFF       FLOC__ByteToStr, FSR1L
0x0200	0xFFE2C026  	MOVFF       FLOC__ByteToStr+1, FSR1H
0x0204	0xFFE6C000  	MOVFF       R0, POSTINC1
;__Lib_Conversions.c,76 :: 		
0x0208	0x0E0A      	MOVLW       10
0x020A	0x6E04      	MOVWF       R4 
0x020C	0xF000C021  	MOVFF       FARG_ByteToStr_input, R0
0x0210	0xDF8F      	RCALL       _Div_8X8_U
0x0212	0xF021C000  	MOVFF       R0, FARG_ByteToStr_input
;__Lib_Conversions.c,77 :: 		
0x0216	0x5000      	MOVF        R0, 0 
0x0218	0x0A00      	XORLW       0
0x021A	0xE101      	BNZ         L_ByteToStr5
;__Lib_Conversions.c,78 :: 		
0x021C	0xD002      	BRA         L_ByteToStr4
L_ByteToStr5:
;__Lib_Conversions.c,79 :: 		
0x021E	0x0624      	DECF        ByteToStr_DigitPos_L0, 1 
;__Lib_Conversions.c,80 :: 		
0x0220	0xD7DE      	BRA         L_ByteToStr3
L_ByteToStr4:
;__Lib_Conversions.c,81 :: 		
L_end_ByteToStr:
0x0222	0x0012      	RETURN      0
; end of _ByteToStr
_Lcd_Init:
;__Lib_Lcd.c,84 :: 		
;__Lib_Lcd.c,86 :: 		
0x0224	0x9695      	BCF         LCD_EN_Direction, BitPos(LCD_EN_Direction+0) 
;__Lib_Lcd.c,87 :: 		
0x0226	0x9495      	BCF         LCD_RS_Direction, BitPos(LCD_RS_Direction+0) 
;__Lib_Lcd.c,88 :: 		
0x0228	0x9895      	BCF         LCD_D4_Direction, BitPos(LCD_D4_Direction+0) 
;__Lib_Lcd.c,89 :: 		
0x022A	0x9A95      	BCF         LCD_D5_Direction, BitPos(LCD_D5_Direction+0) 
;__Lib_Lcd.c,90 :: 		
0x022C	0x9C95      	BCF         LCD_D6_Direction, BitPos(LCD_D6_Direction+0) 
;__Lib_Lcd.c,91 :: 		
0x022E	0x9E95      	BCF         LCD_D7_Direction, BitPos(LCD_D7_Direction+0) 
;__Lib_Lcd.c,93 :: 		
0x0230	0x9683      	BCF         LCD_EN, BitPos(LCD_EN+0) 
;__Lib_Lcd.c,94 :: 		
0x0232	0x9483      	BCF         LCD_RS, BitPos(LCD_RS+0) 
;__Lib_Lcd.c,95 :: 		
0x0234	0x9E83      	BCF         LCD_D7, BitPos(LCD_D7+0) 
;__Lib_Lcd.c,96 :: 		
0x0236	0x9C83      	BCF         LCD_D6, BitPos(LCD_D6+0) 
;__Lib_Lcd.c,97 :: 		
0x0238	0x9A83      	BCF         LCD_D5, BitPos(LCD_D5+0) 
;__Lib_Lcd.c,98 :: 		
0x023A	0x9883      	BCF         LCD_D4, BitPos(LCD_D4+0) 
;__Lib_Lcd.c,100 :: 		
0x023C	0xDF28      	RCALL       _Delay_5500us
;__Lib_Lcd.c,101 :: 		
0x023E	0xDF27      	RCALL       _Delay_5500us
;__Lib_Lcd.c,102 :: 		
0x0240	0xDF26      	RCALL       _Delay_5500us
;__Lib_Lcd.c,105 :: 		
0x0242	0x8A83      	BSF         LCD_D5, BitPos(LCD_D5+0) 
;__Lib_Lcd.c,106 :: 		
0x0244	0x8883      	BSF         LCD_D4, BitPos(LCD_D4+0) 
;__Lib_Lcd.c,107 :: 		
0x0246	0x8683      	BSF         LCD_EN, BitPos(LCD_EN+0) 
;__Lib_Lcd.c,108 :: 		
0x0248	0xDF2D      	RCALL       _Delay_1us
;__Lib_Lcd.c,109 :: 		
0x024A	0x9683      	BCF         LCD_EN, BitPos(LCD_EN+0) 
;__Lib_Lcd.c,110 :: 		
0x024C	0xDF20      	RCALL       _Delay_5500us
;__Lib_Lcd.c,112 :: 		
0x024E	0x8683      	BSF         LCD_EN, BitPos(LCD_EN+0) 
;__Lib_Lcd.c,113 :: 		
0x0250	0xDF29      	RCALL       _Delay_1us
;__Lib_Lcd.c,114 :: 		
0x0252	0x9683      	BCF         LCD_EN, BitPos(LCD_EN+0) 
;__Lib_Lcd.c,115 :: 		
0x0254	0xDF1C      	RCALL       _Delay_5500us
;__Lib_Lcd.c,117 :: 		
0x0256	0x8683      	BSF         LCD_EN, BitPos(LCD_EN+0) 
;__Lib_Lcd.c,118 :: 		
0x0258	0xDF25      	RCALL       _Delay_1us
;__Lib_Lcd.c,119 :: 		
0x025A	0x9683      	BCF         LCD_EN, BitPos(LCD_EN+0) 
;__Lib_Lcd.c,120 :: 		
0x025C	0xDF18      	RCALL       _Delay_5500us
;__Lib_Lcd.c,123 :: 		
0x025E	0x9883      	BCF         LCD_D4, BitPos(LCD_D4+0) 
;__Lib_Lcd.c,124 :: 		
0x0260	0x8683      	BSF         LCD_EN, BitPos(LCD_EN+0) 
;__Lib_Lcd.c,125 :: 		
0x0262	0xDF20      	RCALL       _Delay_1us
;__Lib_Lcd.c,126 :: 		
0x0264	0x9683      	BCF         LCD_EN, BitPos(LCD_EN+0) 
;__Lib_Lcd.c,127 :: 		
0x0266	0xDF13      	RCALL       _Delay_5500us
;__Lib_Lcd.c,130 :: 		
0x0268	0x8683      	BSF         LCD_EN, BitPos(LCD_EN+0) 
;__Lib_Lcd.c,131 :: 		
0x026A	0xDF1C      	RCALL       _Delay_1us
;__Lib_Lcd.c,132 :: 		
0x026C	0x9683      	BCF         LCD_EN, BitPos(LCD_EN+0) 
;__Lib_Lcd.c,134 :: 		
0x026E	0x9A83      	BCF         LCD_D5, BitPos(LCD_D5+0) 
;__Lib_Lcd.c,135 :: 		
0x0270	0x8E83      	BSF         LCD_D7, BitPos(LCD_D7+0) 
;__Lib_Lcd.c,136 :: 		
0x0272	0x8683      	BSF         LCD_EN, BitPos(LCD_EN+0) 
;__Lib_Lcd.c,137 :: 		
0x0274	0xDF17      	RCALL       _Delay_1us
;__Lib_Lcd.c,138 :: 		
0x0276	0x9683      	BCF         LCD_EN, BitPos(LCD_EN+0) 
;__Lib_Lcd.c,139 :: 		
0x0278	0xDF0A      	RCALL       _Delay_5500us
;__Lib_Lcd.c,142 :: 		
0x027A	0x9E83      	BCF         LCD_D7, BitPos(LCD_D7+0) 
;__Lib_Lcd.c,143 :: 		
0x027C	0x8883      	BSF         LCD_D4, BitPos(LCD_D4+0) 
;__Lib_Lcd.c,144 :: 		
0x027E	0x8683      	BSF         LCD_EN, BitPos(LCD_EN+0) 
;__Lib_Lcd.c,145 :: 		
0x0280	0xDF11      	RCALL       _Delay_1us
;__Lib_Lcd.c,146 :: 		
0x0282	0x9683      	BCF         LCD_EN, BitPos(LCD_EN+0) 
;__Lib_Lcd.c,148 :: 		
0x0284	0x9883      	BCF         LCD_D4, BitPos(LCD_D4+0) 
;__Lib_Lcd.c,149 :: 		
0x0286	0x8683      	BSF         LCD_EN, BitPos(LCD_EN+0) 
;__Lib_Lcd.c,150 :: 		
0x0288	0xDF0D      	RCALL       _Delay_1us
;__Lib_Lcd.c,151 :: 		
0x028A	0x9683      	BCF         LCD_EN, BitPos(LCD_EN+0) 
;__Lib_Lcd.c,152 :: 		
0x028C	0xDF00      	RCALL       _Delay_5500us
;__Lib_Lcd.c,155 :: 		
0x028E	0x8683      	BSF         LCD_EN, BitPos(LCD_EN+0) 
;__Lib_Lcd.c,156 :: 		
0x0290	0xDF09      	RCALL       _Delay_1us
;__Lib_Lcd.c,157 :: 		
0x0292	0x9683      	BCF         LCD_EN, BitPos(LCD_EN+0) 
;__Lib_Lcd.c,159 :: 		
0x0294	0x8883      	BSF         LCD_D4, BitPos(LCD_D4+0) 
;__Lib_Lcd.c,160 :: 		
0x0296	0x8683      	BSF         LCD_EN, BitPos(LCD_EN+0) 
;__Lib_Lcd.c,161 :: 		
0x0298	0xDF05      	RCALL       _Delay_1us
;__Lib_Lcd.c,162 :: 		
0x029A	0x9683      	BCF         LCD_EN, BitPos(LCD_EN+0) 
;__Lib_Lcd.c,163 :: 		
0x029C	0xDEF8      	RCALL       _Delay_5500us
;__Lib_Lcd.c,166 :: 		
0x029E	0x9883      	BCF         LCD_D4, BitPos(LCD_D4+0) 
;__Lib_Lcd.c,167 :: 		
0x02A0	0x8683      	BSF         LCD_EN, BitPos(LCD_EN+0) 
;__Lib_Lcd.c,168 :: 		
0x02A2	0xDF00      	RCALL       _Delay_1us
;__Lib_Lcd.c,169 :: 		
0x02A4	0x9683      	BCF         LCD_EN, BitPos(LCD_EN+0) 
;__Lib_Lcd.c,171 :: 		
0x02A6	0x8E83      	BSF         LCD_D7, BitPos(LCD_D7+0) 
;__Lib_Lcd.c,172 :: 		
0x02A8	0x8C83      	BSF         LCD_D6, BitPos(LCD_D6+0) 
;__Lib_Lcd.c,173 :: 		
0x02AA	0x8A83      	BSF         LCD_D5, BitPos(LCD_D5+0) 
;__Lib_Lcd.c,174 :: 		
0x02AC	0x8883      	BSF         LCD_D4, BitPos(LCD_D4+0) 
;__Lib_Lcd.c,175 :: 		
0x02AE	0x8683      	BSF         LCD_EN, BitPos(LCD_EN+0) 
;__Lib_Lcd.c,176 :: 		
0x02B0	0xDEF9      	RCALL       _Delay_1us
;__Lib_Lcd.c,177 :: 		
0x02B2	0x9683      	BCF         LCD_EN, BitPos(LCD_EN+0) 
;__Lib_Lcd.c,179 :: 		
0x02B4	0xDEEC      	RCALL       _Delay_5500us
;__Lib_Lcd.c,181 :: 		
0x02B6	0x801E      	BSF         __Lib_Lcd_cmd_status, BitPos(__Lib_Lcd_cmd_status+0) 
;__Lib_Lcd.c,182 :: 		
L_end_Lcd_Init:
0x02B8	0x0012      	RETURN      0
; end of _Lcd_Init
___CC2DW:
;__Lib_System.c,21 :: 		
;__Lib_System.c,23 :: 		
_CC2DL_Loop1:
;__Lib_System.c,24 :: 		
0x02BA	0x0009      	TBLRD*+
;__Lib_System.c,25 :: 		
0x02BC	0xFFE6CFF5  	MOVFF       TABLAT, POSTINC1
;__Lib_System.c,26 :: 		
0x02C0	0x0600      	DECF        R0, 1, 0
;__Lib_System.c,27 :: 		
0x02C2	0xE1FB      	BNZ         _CC2DL_Loop1
;__Lib_System.c,28 :: 		
0x02C4	0x0601      	DECF        R1, 1, 0
;__Lib_System.c,29 :: 		
0x02C6	0xE1F9      	BNZ         _CC2DL_Loop1
;__Lib_System.c,31 :: 		
L_end___CC2DW:
0x02C8	0x0012      	RETURN      0
; end of ___CC2DW
_Lcd_Out:
;__Lib_Lcd.c,184 :: 		
;__Lib_Lcd.c,187 :: 		
0x02CA	0xD00F      	BRA         L_Lcd_Out11
;__Lib_Lcd.c,188 :: 		
L_Lcd_Out13:
0x02CC	0x0E80      	MOVLW       128
0x02CE	0x6E21      	MOVWF       FARG_Lcd_Out_row 
0x02D0	0xD019      	BRA         L_Lcd_Out12
;__Lib_Lcd.c,189 :: 		
L_Lcd_Out14:
0x02D2	0x0EC0      	MOVLW       192
0x02D4	0x6E21      	MOVWF       FARG_Lcd_Out_row 
0x02D6	0xD016      	BRA         L_Lcd_Out12
;__Lib_Lcd.c,190 :: 		
L_Lcd_Out15:
0x02D8	0x0E94      	MOVLW       148
0x02DA	0x6E21      	MOVWF       FARG_Lcd_Out_row 
0x02DC	0xD013      	BRA         L_Lcd_Out12
;__Lib_Lcd.c,191 :: 		
L_Lcd_Out16:
0x02DE	0x0ED4      	MOVLW       212
0x02E0	0x6E21      	MOVWF       FARG_Lcd_Out_row 
0x02E2	0xD010      	BRA         L_Lcd_Out12
;__Lib_Lcd.c,192 :: 		
L_Lcd_Out17:
0x02E4	0x0E80      	MOVLW       128
0x02E6	0x6E21      	MOVWF       FARG_Lcd_Out_row 
;__Lib_Lcd.c,193 :: 		
0x02E8	0xD00D      	BRA         L_Lcd_Out12
L_Lcd_Out11:
0x02EA	0x5021      	MOVF        FARG_Lcd_Out_row, 0 
0x02EC	0x0A01      	XORLW       1
0x02EE	0xE0EE      	BZ          L_Lcd_Out13
0x02F0	0x5021      	MOVF        FARG_Lcd_Out_row, 0 
0x02F2	0x0A02      	XORLW       2
0x02F4	0xE0EE      	BZ          L_Lcd_Out14
0x02F6	0x5021      	MOVF        FARG_Lcd_Out_row, 0 
0x02F8	0x0A03      	XORLW       3
0x02FA	0xE0EE      	BZ          L_Lcd_Out15
0x02FC	0x5021      	MOVF        FARG_Lcd_Out_row, 0 
0x02FE	0x0A04      	XORLW       4
0x0300	0xE0EE      	BZ          L_Lcd_Out16
0x0302	0xD7F0      	BRA         L_Lcd_Out17
L_Lcd_Out12:
;__Lib_Lcd.c,194 :: 		
0x0304	0x0422      	DECF        FARG_Lcd_Out_column, 0 
0x0306	0x6E00      	MOVWF       R0 
0x0308	0x5021      	MOVF        FARG_Lcd_Out_row, 0 
0x030A	0x2600      	ADDWF       R0, 1 
0x030C	0xF021C000  	MOVFF       R0, FARG_Lcd_Out_row
;__Lib_Lcd.c,196 :: 		
0x0310	0xF028C000  	MOVFF       R0, FARG_Lcd_Cmd_out_char
0x0314	0xDECF      	RCALL       _Lcd_Cmd
;__Lib_Lcd.c,197 :: 		
0x0316	0x901E      	BCF         __Lib_Lcd_cmd_status, BitPos(__Lib_Lcd_cmd_status+0) 
;__Lib_Lcd.c,198 :: 		
0x0318	0x6A25      	CLRF        Lcd_Out_i_L0 
;__Lib_Lcd.c,199 :: 		
L_Lcd_Out18:
0x031A	0x5025      	MOVF        Lcd_Out_i_L0, 0 
0x031C	0x2423      	ADDWF       FARG_Lcd_Out_text, 0 
0x031E	0x6EE9      	MOVWF       FSR0L 
0x0320	0x0E00      	MOVLW       0
0x0322	0x2024      	ADDWFC      FARG_Lcd_Out_text+1, 0 
0x0324	0x6EEA      	MOVWF       FSR0H 
0x0326	0x52EE      	MOVF        POSTINC0, 1 
0x0328	0xE00B      	BZ          L_Lcd_Out19
;__Lib_Lcd.c,200 :: 		
0x032A	0x5025      	MOVF        Lcd_Out_i_L0, 0 
0x032C	0x2423      	ADDWF       FARG_Lcd_Out_text, 0 
0x032E	0x6EE9      	MOVWF       FSR0L 
0x0330	0x0E00      	MOVLW       0
0x0332	0x2024      	ADDWFC      FARG_Lcd_Out_text+1, 0 
0x0334	0x6EEA      	MOVWF       FSR0H 
0x0336	0xF027CFEE  	MOVFF       POSTINC0, FARG_Lcd_Chr_CP_out_char
0x033A	0xDF35      	RCALL       _Lcd_Chr_CP
0x033C	0x2A25      	INCF        Lcd_Out_i_L0, 1 
0x033E	0xD7ED      	BRA         L_Lcd_Out18
L_Lcd_Out19:
;__Lib_Lcd.c,201 :: 		
0x0340	0x801E      	BSF         __Lib_Lcd_cmd_status, BitPos(__Lib_Lcd_cmd_status+0) 
;__Lib_Lcd.c,202 :: 		
L_end_Lcd_Out:
0x0342	0x0012      	RETURN      0
; end of _Lcd_Out
_Div_16x16_S:
;__Lib_Math.c,200 :: 		
;__Lib_Math.c,208 :: 		
0x0344	0x5004      	MOVF        R4, 0 
0x0346	0x0A00      	XORLW       0
0x0348	0xE108      	BNZ         L_Div_16x16_S0
;__Lib_Math.c,209 :: 		
0x034A	0x5005      	MOVF        R5, 0 
0x034C	0x0A00      	XORLW       0
0x034E	0xE105      	BNZ         L_Div_16x16_S1
;__Lib_Math.c,210 :: 		
0x0350	0x0EFF      	MOVLW       255
0x0352	0x6E00      	MOVWF       R0 
;__Lib_Math.c,211 :: 		
0x0354	0x0E7F      	MOVLW       127
0x0356	0x6E01      	MOVWF       R1 
;__Lib_Math.c,212 :: 		
0x0358	0xD057      	BRA         L_end_Div_16x16_S
;__Lib_Math.c,213 :: 		
L_Div_16x16_S1:
L_Div_16x16_S0:
;__Lib_Math.c,216 :: 		
0x035A	0x6A0D      	CLRF        R13, 0
;__Lib_Math.c,217 :: 		
0x035C	0x6A09      	CLRF        R9, 0
;__Lib_Math.c,218 :: 		
0x035E	0x6A08      	CLRF        R8, 0
;__Lib_Math.c,219 :: 		
0x0360	0x5001      	MOVF        R1, 0, 0
;__Lib_Math.c,220 :: 		
0x0362	0x1000      	IORWF       R0, 0, 0
;__Lib_Math.c,221 :: 		
0x0364	0xB4D8      	BTFSC       STATUS, 2, 0
;__Lib_Math.c,222 :: 		
0x0366	0x0C00      	RETLW       0
;__Lib_Math.c,224 :: 		
0x0368	0x5001      	MOVF        R1, 0, 0
;__Lib_Math.c,225 :: 		
0x036A	0x1805      	XORWF       R5, 0, 0
;__Lib_Math.c,226 :: 		
0x036C	0x6E0A      	MOVWF       R10, 0
;__Lib_Math.c,227 :: 		
0x036E	0xBE0A      	BTFSC       R10, 7, 0
;__Lib_Math.c,228 :: 		
0x0370	0x1E0D      	COMF        R13, 1, 0
;__Lib_Math.c,230 :: 		
0x0372	0x6A0B      	CLRF        R11, 0
;__Lib_Math.c,232 :: 		
0x0374	0xAE05      	BTFSS       R5, 7, 0
;__Lib_Math.c,233 :: 		
0x0376	0xD005      	BRA         $+12
;__Lib_Math.c,235 :: 		
0x0378	0x1E04      	COMF        R4, 1, 0
;__Lib_Math.c,236 :: 		
0x037A	0x1E05      	COMF        R5, 1, 0
;__Lib_Math.c,237 :: 		
0x037C	0x2A04      	INCF        R4, 1, 0
;__Lib_Math.c,238 :: 		
0x037E	0xB4D8      	BTFSC       STATUS, 2, 0
;__Lib_Math.c,239 :: 		
0x0380	0x2A05      	INCF        R5, 1, 0
;__Lib_Math.c,241 :: 		
0x0382	0xAE01      	BTFSS       R1, 7, 0
;__Lib_Math.c,242 :: 		
0x0384	0xD005      	BRA         $+12
;__Lib_Math.c,244 :: 		
0x0386	0x1E00      	COMF        R0, 1, 0
;__Lib_Math.c,245 :: 		
0x0388	0x1E01      	COMF        R1, 1, 0
;__Lib_Math.c,246 :: 		
0x038A	0x2A00      	INCF        R0, 1, 0
;__Lib_Math.c,247 :: 		
0x038C	0xB4D8      	BTFSC       STATUS, 2, 0
;__Lib_Math.c,248 :: 		
0x038E	0x2A01      	INCF        R1, 1, 0
;__Lib_Math.c,250 :: 		
0x0390	0x5001      	MOVF        R1, 0, 0
;__Lib_Math.c,251 :: 		
0x0392	0x1005      	IORWF       R5, 0, 0
;__Lib_Math.c,252 :: 		
0x0394	0x6E0A      	MOVWF       R10, 0
;__Lib_Math.c,253 :: 		
0x0396	0xBE0A      	BTFSC       R10, 7, 0
;__Lib_Math.c,254 :: 		
0x0398	0xD010      	BRA         $+34
;__Lib_Math.c,256 :: 		
0x039A	0xDED9      	RCALL       _Div_16x16_S_L
;__Lib_Math.c,258 :: 		
0x039C	0xB00B      	BTFSC       R11, 0, 0
;__Lib_Math.c,259 :: 		
0x039E	0xD020      	BRA         $+66
;__Lib_Math.c,261 :: 		
0x03A0	0xAE0D      	BTFSS       R13, 7, 0
;__Lib_Math.c,262 :: 		
0x03A2	0x0C00      	RETLW       0
;__Lib_Math.c,264 :: 		
0x03A4	0x1E00      	COMF        R0, 1, 0
;__Lib_Math.c,265 :: 		
0x03A6	0x1E01      	COMF        R1, 1, 0
;__Lib_Math.c,266 :: 		
0x03A8	0x2A00      	INCF        R0, 1, 0
;__Lib_Math.c,267 :: 		
0x03AA	0xB4D8      	BTFSC       STATUS, 2, 0
;__Lib_Math.c,268 :: 		
0x03AC	0x2A01      	INCF        R1, 1, 0
;__Lib_Math.c,270 :: 		
0x03AE	0x1E08      	COMF        R8, 1, 0
;__Lib_Math.c,271 :: 		
0x03B0	0x1E09      	COMF        R9, 1, 0
;__Lib_Math.c,272 :: 		
0x03B2	0x2A08      	INCF        R8, 1, 0
;__Lib_Math.c,273 :: 		
0x03B4	0xB4D8      	BTFSC       STATUS, 2, 0
;__Lib_Math.c,274 :: 		
0x03B6	0x2A09      	INCF        R9, 1, 0
;__Lib_Math.c,276 :: 		
0x03B8	0x0C00      	RETLW       0
;__Lib_Math.c,278 :: 		
0x03BA	0xAE05      	BTFSS       R5, 7, 0
;__Lib_Math.c,279 :: 		
0x03BC	0xD00D      	BRA         $+28
;__Lib_Math.c,280 :: 		
0x03BE	0xBE01      	BTFSC       R1, 7, 0
;__Lib_Math.c,281 :: 		
0x03C0	0xD007      	BRA         $+16
;__Lib_Math.c,282 :: 		
0x03C2	0x5001      	MOVF        R1, 0, 0
;__Lib_Math.c,283 :: 		
0x03C4	0x6E09      	MOVWF       R9, 0
;__Lib_Math.c,284 :: 		
0x03C6	0x5000      	MOVF        R0, 0, 0
;__Lib_Math.c,285 :: 		
0x03C8	0x6E08      	MOVWF       R8, 0
;__Lib_Math.c,286 :: 		
0x03CA	0x6A01      	CLRF        R1, 0
;__Lib_Math.c,287 :: 		
0x03CC	0x6A00      	CLRF        R0, 0
;__Lib_Math.c,288 :: 		
0x03CE	0xD7E8      	BRA         $-46
;__Lib_Math.c,289 :: 		
0x03D0	0x6A01      	CLRF        R1, 0
;__Lib_Math.c,290 :: 		
0x03D2	0x6A00      	CLRF        R0, 0
;__Lib_Math.c,291 :: 		
0x03D4	0x2A00      	INCF        R0, 1, 0
;__Lib_Math.c,292 :: 		
0x03D6	0x0C00      	RETLW       0
;__Lib_Math.c,294 :: 		
0x03D8	0x1E01      	COMF        R1, 1, 0
;__Lib_Math.c,295 :: 		
0x03DA	0x1E00      	COMF        R0, 1, 0
;__Lib_Math.c,296 :: 		
0x03DC	0x2A0B      	INCF        R11, 1, 0
;__Lib_Math.c,297 :: 		
0x03DE	0xD7DD      	BRA         $-68
;__Lib_Math.c,299 :: 		
0x03E0	0x2A08      	INCF        R8, 1, 0
;__Lib_Math.c,300 :: 		
0x03E2	0xB4D8      	BTFSC       STATUS, 2, 0
;__Lib_Math.c,301 :: 		
0x03E4	0x2A09      	INCF        R9, 1, 0
;__Lib_Math.c,302 :: 		
0x03E6	0x5004      	MOVF        R4, 0, 0
;__Lib_Math.c,303 :: 		
0x03E8	0x5C08      	SUBWF       R8, 0, 0
;__Lib_Math.c,304 :: 		
0x03EA	0xA4D8      	BTFSS       STATUS, 2, 0
;__Lib_Math.c,305 :: 		
0x03EC	0xD7D9      	BRA         $-76
;__Lib_Math.c,306 :: 		
0x03EE	0x5005      	MOVF        R5, 0, 0
;__Lib_Math.c,307 :: 		
0x03F0	0x5C09      	SUBWF       R9, 0, 0
;__Lib_Math.c,308 :: 		
0x03F2	0xA4D8      	BTFSS       STATUS, 2, 0
;__Lib_Math.c,309 :: 		
0x03F4	0xD7D5      	BRA         $-84
;__Lib_Math.c,310 :: 		
0x03F6	0x6A09      	CLRF        R9, 0
;__Lib_Math.c,311 :: 		
0x03F8	0x6A08      	CLRF        R8, 0
;__Lib_Math.c,312 :: 		
0x03FA	0x2A00      	INCF        R0, 1, 0
;__Lib_Math.c,313 :: 		
0x03FC	0xB4D8      	BTFSC       STATUS, 2, 0
;__Lib_Math.c,314 :: 		
0x03FE	0x2A01      	INCF        R1, 1, 0
;__Lib_Math.c,315 :: 		
0x0400	0xAE01      	BTFSS       R1, 7, 0
;__Lib_Math.c,316 :: 		
0x0402	0xD7CE      	BRA         $-98
;__Lib_Math.c,317 :: 		
0x0404	0x0000      	NOP
;__Lib_Math.c,318 :: 		
0x0406	0x0CFF      	RETLW       255
;__Lib_Math.c,320 :: 		
L_end_Div_16x16_S:
0x0408	0x0012      	RETURN      0
; end of _Div_16x16_S
_main:
0x040A	0x6A19      	CLRF        _doInterr 
;Practica5b.c,35 :: 		void main() {
;Practica5b.c,36 :: 		INTCON2.RBPU=0; //se habilitan las resistncias de pullup de los terminales del
0x040C	0x9EF1      	BCF         INTCON2, 7 
;Practica5b.c,38 :: 		x=PORTB;//para poder borrar el RBIF
0x040E	0xF020CF81  	MOVFF       PORTB, _x
;Practica5b.c,39 :: 		INTCON.RBIF=0;
0x0412	0x90F2      	BCF         INTCON, 0 
;Practica5b.c,40 :: 		INTCON.RBIE=1;
0x0414	0x86F2      	BSF         INTCON, 3 
;Practica5b.c,41 :: 		INTCON.GIE=1;
0x0416	0x8EF2      	BSF         INTCON, 7 
;Practica5b.c,43 :: 		TRISB.B4 = 1;
0x0418	0x8893      	BSF         TRISB, 4 
;Practica5b.c,45 :: 		cont = 0;
0x041A	0x6A1F      	CLRF        _cont 
;Practica5b.c,46 :: 		Lcd_Init();
0x041C	0xDF03      	RCALL       _Lcd_Init
;Practica5b.c,48 :: 		while(1)
L_main4:
;Practica5b.c,50 :: 		}
0x041E	0xD7FF      	BRA         L_main4
;Practica5b.c,51 :: 		}
L_end_main:
0x0420	0xD7FF      	BRA         $+0
; end of _main
Symbol List:
//** Routines locations **
//ADDRESS    SIZE    PROCEDURE
//----------------------------------------------
0x0008     [134]    _interrupt
0x008E      [22]    _Delay_5500us
0x00A4       [6]    _Delay_1us
0x00AA      [10]    _Delay_50us
0x00B4     [124]    _Lcd_Cmd
0x0130      [30]    _Div_8X8_U
0x014E      [88]    _Div_16x16_S_L
0x01A6      [12]    _Lcd_Chr_CP
0x01B2     [114]    _ByteToStr
0x0224     [150]    _Lcd_Init
0x02BA      [16]    ___CC2DW
0x02CA     [122]    _Lcd_Out
0x0344     [198]    _Div_16x16_S
0x040A      [24]    _main
//** Variables locations ** 
//ADDRESS    SIZE    VARIABLE
//----------------------------------------------
0x0000       [1]    __Lib_SoftI2C_PutZerosToLATSda_temp_sda_L0
0x0000       [1]    FLASH_Erase_64_SaveINTCON_L0
0x0000       [1]    UART1_Init_tmp_L0
0x0000       [1]    EEPROM_Write_SaveINTCON_L0
0x0000       [1]    R0
0x0000       [1]    SPI1_Write_tmp_L0
0x0000       [1]    __Lib_SoftI2C_PutZerosToLATScl_temp_scl_L0
0x0001       [1]    I2C1_Rd_tmp_L0
0x0001       [1]    ispunct_rslt_L0
0x0001       [1]    R1
0x0001       [1]    __Lib_TFT_16bit_JPEG_FileReadBytes_Result_L0
0x0001       [1]    FLASH_Erase_Write_64_i_L0
0x0001       [1]    UART1_Read___tmp_UART1_Read_L0
0x0001       [1]    FLASH_Write_8_i_L0
0x0001       [2]    FLASH_Read_N_Bytes_i_L0
0x0001       [1]    __Lib_TFT_16bit_JPEG_FileRead_i_L0
0x0001       [1]    __Lib_PS2_Wait_Falling_nsample_L0
0x0001       [1]    __Lib_TFT_JPEG_FileRead_i_L0
0x0001       [1]    __Lib_TFT_JPEG_FileReadBytes_Result_L0
0x0002       [2]    memcpy_dd_L0
0x0002       [1]    FLASH_Write_8_SaveINTCON_L0
0x0002       [2]    memchr_s_L0
0x0002       [2]    memset_pp_L0
0x0002       [2]    strlen_cp_L0
0x0002       [1]    R2
0x0002       [1]    FLASH_Erase_Write_64_j_L0
0x0003       [1]    FLASH_Erase_Write_64_SaveINTCON_L0
0x0003       [1]    R3
0x0003       [2]    Ltrim_original_L0
0x0003       [2]    __Lib_MmcFat16_f16_toInt_l_L0
0x0003       [1]    MM_Init_i_L0
0x0003       [2]    MM_TotalFreeMemSize_Tot_L0
0x0003       [1]    __Lib_Sprinti_?FLOC____Lib_Sprinti_Do_FillT29
0x0003       [2]    memmove_tt_L0
0x0004       [2]    strcpy_cp_L0
0x0004       [2]    strncpy_cp_L0
0x0004       [2]    strcat_cp_L0
0x0004       [2]    strncat_cp_L0
0x0004       [2]    memcpy_ss_L0
0x0004       [2]    frexp_pom_L0
0x0004       [2]    __Lib_MemManager_MM_GetMemAlign_P_L0
0x0004       [1]    R4
0x0004       [1]    __Lib_Sprinti_?FLOC____Lib_Sprinti_Do_FillT40
0x0005       [1]    __Lib_Sprinti_?FLOC____Lib_Sprinti_Do_FillT54
0x0005       [2]    LongIntToHex_input_half_L0
0x0005       [2]    LongWordToHex_input_half_L0
0x0005       [1]    MM_TotalFreeMemSize_i_L0
0x0005       [1]    R5
0x0005       [2]    memmove_ff_L0
0x0005       [2]    Ltrim_p_L0
0x0006       [1]    __Lib_MemManager_MM_GetMemAlign_i_L0
0x0006       [1]    R6
0x0006       [1]    __Lib_Sprinti_?FLOC____Lib_Sprinti_Do_FillT69
0x0007       [1]    __Lib_TFT_16bit_JPEG_GenerateHuffmanTables_bLength_L0
0x0007       [1]    __Lib_TFT_JPEG_GenerateHuffmanTables_bLength_L0
0x0007       [1]    R7
0x0008       [1]    R8
0x0008       [1]    __Lib_TFT_JPEG_GenerateHuffmanTables_bTable_L0
0x0008       [1]    __Lib_TFT_16bit_JPEG_GenerateHuffmanTables_bTable_L0
0x0009       [4]    __Lib_MmcFat16_f16_toLong_l_L0
0x0009       [1]    R9
0x000A       [1]    R10
0x000B       [1]    R11
0x000C       [1]    R12
0x000D       [1]    R13
0x000E       [1]    R14
0x000F       [1]    R15
0x0010       [1]    R16
0x0011       [1]    R17
0x0012       [1]    R18
0x0013       [1]    R19
0x0014       [1]    R20
0x0019       [1]    _doInterr
0x001A       [4]    _txt
0x001E       [0]    __Lib_Lcd_cmd_status
0x001F       [1]    _cont
0x0020       [1]    _x
0x0021       [1]    FARG_ByteToStr_input
0x0021       [1]    FARG_Lcd_Out_row
0x0022       [2]    FARG_ByteToStr_output
0x0022       [1]    FARG_Lcd_Out_column
0x0023       [2]    FARG_Lcd_Out_text
0x0024       [1]    ByteToStr_DigitPos_L0
0x0025       [1]    Lcd_Out_i_L0
0x0025       [2]    FLOC__ByteToStr
0x0027       [1]    FARG_Lcd_Chr_CP_out_char
0x0028       [1]    FARG_Lcd_Cmd_out_char
0x0F81       [1]    PORTB
0x0F83       [0]    RD3_bit
0x0F83       [0]    RD6_bit
0x0F83       [0]    LCD_EN
0x0F83       [0]    RD2_bit
0x0F83       [0]    LCD_RS
0x0F83       [0]    LCD_D6
0x0F83       [0]    LCD_D5
0x0F83       [0]    RD5_bit
0x0F83       [0]    LCD_D7
0x0F83       [0]    RD7_bit
0x0F83       [0]    RD4_bit
0x0F83       [0]    LCD_D4
0x0F93       [1]    TRISB
0x0F95       [0]    TRISD6_bit
0x0F95       [0]    TRISD2_bit
0x0F95       [0]    LCD_D4_Direction
0x0F95       [0]    TRISD3_bit
0x0F95       [0]    LCD_EN_Direction
0x0F95       [0]    LCD_D7_Direction
0x0F95       [0]    TRISD7_bit
0x0F95       [0]    TRISD4_bit
0x0F95       [0]    LCD_D6_Direction
0x0F95       [0]    LCD_RS_Direction
0x0F95       [0]    TRISD5_bit
0x0F95       [0]    LCD_D5_Direction
0x0FD8       [1]    STATUS
0x0FD9       [1]    FSR2L
0x0FDA       [1]    FSR2H
0x0FDE       [1]    POSTINC2
0x0FE0       [1]    BSR
0x0FE1       [1]    FSR1L
0x0FE2       [1]    FSR1H
0x0FE4       [1]    PREINC1
0x0FE6       [1]    POSTINC1
0x0FE7       [1]    INDF1
0x0FE8       [1]    WREG
0x0FE9       [1]    FSR0L
0x0FEA       [1]    FSR0H
0x0FEE       [1]    POSTINC0
0x0FF1       [1]    INTCON2
0x0FF2       [1]    INTCON
0x0FF3       [1]    PRODL
0x0FF4       [1]    PRODH
0x0FF5       [1]    TABLAT
0x0FF6       [1]    TBLPTRL
0x0FF7       [1]    TBLPTRH
0x0FF8       [1]    TBLPTRU
