;  LST file generated by mikroListExporter - v.2.0 
; Date/Time: 22/02/2016 14:21:04
;----------------------------------------------

;Address Opcode 	ASM
0x0000	0xF000EF65  	GOTO        202
_interrupt:
;Practica4a.c,4 :: 		void interrupt()
0x0008	0xF019C000  	MOVFF       R0, 25
0x000C	0xF018C001  	MOVFF       R1, 24
0x0010	0xF017C00B  	MOVFF       R11, 23
0x0014	0xF016C00C  	MOVFF       R12, 22
0x0018	0xF015C00D  	MOVFF       R13, 21
;Practica4a.c,8 :: 		if(primero)
0x001C	0x521A      	MOVF        _primero, 1 
0x001E	0xE024      	BZ          L_interrupt0
;Practica4a.c,10 :: 		primero = 0;
0x0020	0x6A1A      	CLRF        _primero 
;Practica4a.c,12 :: 		for(a = 2; a <= 4; a++)
0x0022	0x0E02      	MOVLW       2
0x0024	0x6E02      	MOVWF       R2 
L_interrupt1:
0x0026	0x5002      	MOVF        R2, 0 
0x0028	0x0804      	SUBLW       4
0x002A	0xE31D      	BNC         L_interrupt2
;Practica4a.c,14 :: 		PORTC = der[7-a];
0x002C	0x5002      	MOVF        R2, 0 
0x002E	0x0807      	SUBLW       7
0x0030	0x6E00      	MOVWF       R0 
0x0032	0x6A01      	CLRF        R1 
0x0034	0x0E00      	MOVLW       0
0x0036	0x5A01      	SUBWFB      R1, 1 
0x0038	0x0E1B      	MOVLW       _der
0x003A	0x2400      	ADDWF       R0, 0 
0x003C	0x6EE9      	MOVWF       FSR0L 
0x003E	0x0E00      	MOVLW       hi_addr(_der)
0x0040	0x2001      	ADDWFC      R1, 0 
0x0042	0x6EEA      	MOVWF       FSR0H 
0x0044	0xFF82CFEE  	MOVFF       POSTINC0, PORTC
;Practica4a.c,15 :: 		delay_ms(100);
0x0048	0x0E02      	MOVLW       2
0x004A	0x6E0B      	MOVWF       R11, 0
0x004C	0x0E04      	MOVLW       4
0x004E	0x6E0C      	MOVWF       R12, 0
0x0050	0x0EBA      	MOVLW       186
0x0052	0x6E0D      	MOVWF       R13, 0
L_interrupt4:
0x0054	0x2E0D      	DECFSZ      R13, 1, 0
0x0056	0xD7FE      	BRA         L_interrupt4
0x0058	0x2E0C      	DECFSZ      R12, 1, 0
0x005A	0xD7FC      	BRA         L_interrupt4
0x005C	0x2E0B      	DECFSZ      R11, 1, 0
0x005E	0xD7FA      	BRA         L_interrupt4
0x0060	0x0000      	NOP
;Practica4a.c,12 :: 		for(a = 2; a <= 4; a++)
0x0062	0x2A02      	INCF        R2, 1 
;Practica4a.c,16 :: 		}
0x0064	0xD7E0      	BRA         L_interrupt1
L_interrupt2:
;Practica4a.c,17 :: 		}
0x0066	0xD01D      	BRA         L_interrupt5
L_interrupt0:
;Practica4a.c,20 :: 		for (a = 0; a <= 7;a++)
0x0068	0x6A02      	CLRF        R2 
L_interrupt6:
0x006A	0x5002      	MOVF        R2, 0 
0x006C	0x0807      	SUBLW       7
0x006E	0xE319      	BNC         L_interrupt7
;Practica4a.c,22 :: 		PORTC = der[a];
0x0070	0x0E1B      	MOVLW       _der
0x0072	0x6EE9      	MOVWF       FSR0L 
0x0074	0x0E00      	MOVLW       hi_addr(_der)
0x0076	0x6EEA      	MOVWF       FSR0H 
0x0078	0x5002      	MOVF        R2, 0 
0x007A	0x26E9      	ADDWF       FSR0L, 1 
0x007C	0xB0D8      	BTFSC       STATUS, 0 
0x007E	0x2AEA      	INCF        FSR0H, 1 
0x0080	0xFF82CFEE  	MOVFF       POSTINC0, PORTC
;Practica4a.c,23 :: 		delay_ms(100);
0x0084	0x0E02      	MOVLW       2
0x0086	0x6E0B      	MOVWF       R11, 0
0x0088	0x0E04      	MOVLW       4
0x008A	0x6E0C      	MOVWF       R12, 0
0x008C	0x0EBA      	MOVLW       186
0x008E	0x6E0D      	MOVWF       R13, 0
L_interrupt9:
0x0090	0x2E0D      	DECFSZ      R13, 1, 0
0x0092	0xD7FE      	BRA         L_interrupt9
0x0094	0x2E0C      	DECFSZ      R12, 1, 0
0x0096	0xD7FC      	BRA         L_interrupt9
0x0098	0x2E0B      	DECFSZ      R11, 1, 0
0x009A	0xD7FA      	BRA         L_interrupt9
0x009C	0x0000      	NOP
;Practica4a.c,20 :: 		for (a = 0; a <= 7;a++)
0x009E	0x2A02      	INCF        R2, 1 
;Practica4a.c,24 :: 		}
0x00A0	0xD7E4      	BRA         L_interrupt6
L_interrupt7:
;Practica4a.c,25 :: 		}
L_interrupt5:
;Practica4a.c,26 :: 		INTCON.INT0IF = 0;
0x00A2	0x92F2      	BCF         INTCON, 1 
;Practica4a.c,27 :: 		}
L_end_interrupt:
L__interrupt15:
0x00A4	0xF000C019  	MOVFF       25, R0
0x00A8	0xF001C018  	MOVFF       24, R1
0x00AC	0xF00BC017  	MOVFF       23, R11
0x00B0	0xF00CC016  	MOVFF       22, R12
0x00B4	0xF00DC015  	MOVFF       21, R13
0x00B8	0x0011      	RETFIE      1
; end of _interrupt
___CC2DW:
;__Lib_System.c,21 :: 		
;__Lib_System.c,23 :: 		
_CC2DL_Loop1:
;__Lib_System.c,24 :: 		
0x00BA	0x0009      	TBLRD*+
;__Lib_System.c,25 :: 		
0x00BC	0xFFE6CFF5  	MOVFF       TABLAT, POSTINC1
;__Lib_System.c,26 :: 		
0x00C0	0x0600      	DECF        R0, 1, 0
;__Lib_System.c,27 :: 		
0x00C2	0xE1FB      	BNZ         _CC2DL_Loop1
;__Lib_System.c,28 :: 		
0x00C4	0x0601      	DECF        R1, 1, 0
;__Lib_System.c,29 :: 		
0x00C6	0xE1F9      	BNZ         _CC2DL_Loop1
;__Lib_System.c,31 :: 		
L_end___CC2DW:
0x00C8	0x0012      	RETURN      0
; end of ___CC2DW
_main:
0x00CA	0x0E01      	MOVLW       1
0x00CC	0x6E1A      	MOVWF       _primero 
0x00CE	0x0E09      	MOVLW       9
0x00D0	0x6E1B      	MOVWF       _der 
0x00D2	0x0E0C      	MOVLW       12
0x00D4	0x6E1C      	MOVWF       28 
0x00D6	0x0E06      	MOVLW       6
0x00D8	0x6E1D      	MOVWF       29 
0x00DA	0x0E03      	MOVLW       3
0x00DC	0x6E1E      	MOVWF       30 
0x00DE	0x0E09      	MOVLW       9
0x00E0	0x6E1F      	MOVWF       31 
0x00E2	0x0E0C      	MOVLW       12
0x00E4	0x6E20      	MOVWF       32 
0x00E6	0x0E06      	MOVLW       6
0x00E8	0x6E21      	MOVWF       33 
0x00EA	0x0E03      	MOVLW       3
0x00EC	0x6E22      	MOVWF       34 
;Practica4a.c,29 :: 		void main() {
;Practica4a.c,30 :: 		TRISC = 0;
0x00EE	0x6A94      	CLRF        TRISC 
;Practica4a.c,32 :: 		PORTC = der[7];
0x00F0	0xFF82C022  	MOVFF       _der+7, PORTC
;Practica4a.c,33 :: 		delay_ms(100);
0x00F4	0x0E02      	MOVLW       2
0x00F6	0x6E0B      	MOVWF       R11, 0
0x00F8	0x0E04      	MOVLW       4
0x00FA	0x6E0C      	MOVWF       R12, 0
0x00FC	0x0EBA      	MOVLW       186
0x00FE	0x6E0D      	MOVWF       R13, 0
L_main10:
0x0100	0x2E0D      	DECFSZ      R13, 1, 0
0x0102	0xD7FE      	BRA         L_main10
0x0104	0x2E0C      	DECFSZ      R12, 1, 0
0x0106	0xD7FC      	BRA         L_main10
0x0108	0x2E0B      	DECFSZ      R11, 1, 0
0x010A	0xD7FA      	BRA         L_main10
0x010C	0x0000      	NOP
;Practica4a.c,34 :: 		PORTC = der[6];
0x010E	0xFF82C021  	MOVFF       _der+6, PORTC
;Practica4a.c,35 :: 		delay_ms(100);
0x0112	0x0E02      	MOVLW       2
0x0114	0x6E0B      	MOVWF       R11, 0
0x0116	0x0E04      	MOVLW       4
0x0118	0x6E0C      	MOVWF       R12, 0
0x011A	0x0EBA      	MOVLW       186
0x011C	0x6E0D      	MOVWF       R13, 0
L_main11:
0x011E	0x2E0D      	DECFSZ      R13, 1, 0
0x0120	0xD7FE      	BRA         L_main11
0x0122	0x2E0C      	DECFSZ      R12, 1, 0
0x0124	0xD7FC      	BRA         L_main11
0x0126	0x2E0B      	DECFSZ      R11, 1, 0
0x0128	0xD7FA      	BRA         L_main11
0x012A	0x0000      	NOP
;Practica4a.c,37 :: 		INTCON2.B6 = 1;
0x012C	0x8CF1      	BSF         INTCON2, 6 
;Practica4a.c,38 :: 		INTCON.INT0IF = 0;
0x012E	0x92F2      	BCF         INTCON, 1 
;Practica4a.c,39 :: 		INTCON.INT0IE = 1;
0x0130	0x88F2      	BSF         INTCON, 4 
;Practica4a.c,40 :: 		INTCON.GIE = 1;
0x0132	0x8EF2      	BSF         INTCON, 7 
;Practica4a.c,41 :: 		while(1){
L_main12:
;Practica4a.c,42 :: 		}
0x0134	0xD7FF      	BRA         L_main12
;Practica4a.c,43 :: 		}
L_end_main:
0x0136	0xD7FF      	BRA         $+0
; end of _main
Symbol List:
//** Routines locations **
//ADDRESS    SIZE    PROCEDURE
//----------------------------------------------
0x0008     [178]    _interrupt
0x00BA      [16]    ___CC2DW
0x00CA     [110]    _main
//** Variables locations ** 
//ADDRESS    SIZE    VARIABLE
//----------------------------------------------
0x0000       [1]    FLASH_Erase_64_SaveINTCON_L0
0x0000       [1]    EEPROM_Write_SaveINTCON_L0
0x0000       [1]    __Lib_SoftI2C_PutZerosToLATSda_temp_sda_L0
0x0000       [1]    __Lib_SoftI2C_PutZerosToLATScl_temp_scl_L0
0x0000       [1]    UART1_Init_tmp_L0
0x0000       [1]    R0
0x0000       [1]    SPI1_Write_tmp_L0
0x0001       [1]    R1
0x0001       [2]    FLASH_Read_N_Bytes_i_L0
0x0001       [1]    ispunct_rslt_L0
0x0001       [1]    FLASH_Erase_Write_64_i_L0
0x0001       [1]    __Lib_TFT_JPEG_FileReadBytes_Result_L0
0x0001       [1]    UART1_Read___tmp_UART1_Read_L0
0x0001       [1]    FLASH_Write_8_i_L0
0x0001       [1]    __Lib_TFT_16bit_JPEG_FileRead_i_L0
0x0001       [1]    __Lib_PS2_Wait_Falling_nsample_L0
0x0001       [1]    __Lib_TFT_JPEG_FileRead_i_L0
0x0001       [1]    __Lib_TFT_16bit_JPEG_FileReadBytes_Result_L0
0x0001       [1]    I2C1_Rd_tmp_L0
0x0002       [1]    R2
0x0002       [1]    FLASH_Write_8_SaveINTCON_L0
0x0002       [2]    memset_pp_L0
0x0002       [2]    memcpy_dd_L0
0x0002       [1]    interrupt_a_L0
0x0002       [1]    FLASH_Erase_Write_64_j_L0
0x0002       [2]    memchr_s_L0
0x0002       [2]    strlen_cp_L0
0x0003       [2]    Ltrim_original_L0
0x0003       [2]    __Lib_MmcFat16_f16_toInt_l_L0
0x0003       [1]    MM_Init_i_L0
0x0003       [2]    MM_TotalFreeMemSize_Tot_L0
0x0003       [2]    memmove_tt_L0
0x0003       [1]    __Lib_Sprinti_?FLOC____Lib_Sprinti_Do_FillT29
0x0003       [1]    FLASH_Erase_Write_64_SaveINTCON_L0
0x0003       [1]    R3
0x0004       [2]    strncat_cp_L0
0x0004       [2]    memcpy_ss_L0
0x0004       [2]    strcat_cp_L0
0x0004       [2]    frexp_pom_L0
0x0004       [2]    strncpy_cp_L0
0x0004       [2]    strcpy_cp_L0
0x0004       [1]    R4
0x0004       [1]    __Lib_Sprinti_?FLOC____Lib_Sprinti_Do_FillT40
0x0004       [2]    __Lib_MemManager_MM_GetMemAlign_P_L0
0x0005       [2]    LongIntToHex_input_half_L0
0x0005       [2]    LongWordToHex_input_half_L0
0x0005       [2]    memmove_ff_L0
0x0005       [2]    Ltrim_p_L0
0x0005       [1]    R5
0x0005       [1]    MM_TotalFreeMemSize_i_L0
0x0005       [1]    __Lib_Sprinti_?FLOC____Lib_Sprinti_Do_FillT54
0x0006       [1]    R6
0x0006       [1]    __Lib_Sprinti_?FLOC____Lib_Sprinti_Do_FillT69
0x0006       [1]    __Lib_MemManager_MM_GetMemAlign_i_L0
0x0007       [1]    __Lib_TFT_16bit_JPEG_GenerateHuffmanTables_bLength_L0
0x0007       [1]    __Lib_TFT_JPEG_GenerateHuffmanTables_bLength_L0
0x0007       [1]    R7
0x0008       [1]    __Lib_TFT_JPEG_GenerateHuffmanTables_bTable_L0
0x0008       [1]    R8
0x0008       [1]    __Lib_TFT_16bit_JPEG_GenerateHuffmanTables_bTable_L0
0x0009       [1]    R9
0x0009       [4]    __Lib_MmcFat16_f16_toLong_l_L0
0x000A       [1]    R10
0x000B       [1]    R11
0x000C       [1]    R12
0x000D       [1]    R13
0x000E       [1]    R14
0x000F       [1]    R15
0x0010       [1]    R16
0x0011       [1]    R17
0x0012       [1]    R18
0x0013       [1]    R19
0x0014       [1]    R20
0x001A       [1]    _primero
0x001B       [8]    _der
0x0F82       [1]    PORTC
0x0F94       [1]    TRISC
0x0FD8       [1]    STATUS
0x0FD9       [1]    FSR2L
0x0FDA       [1]    FSR2H
0x0FDE       [1]    POSTINC2
0x0FE0       [1]    BSR
0x0FE1       [1]    FSR1L
0x0FE2       [1]    FSR1H
0x0FE4       [1]    PREINC1
0x0FE6       [1]    POSTINC1
0x0FE7       [1]    INDF1
0x0FE8       [1]    WREG
0x0FE9       [1]    FSR0L
0x0FEA       [1]    FSR0H
0x0FEE       [1]    POSTINC0
0x0FF1       [1]    INTCON2
0x0FF2       [1]    INTCON
0x0FF3       [1]    PRODL
0x0FF4       [1]    PRODH
0x0FF5       [1]    TABLAT
0x0FF6       [1]    TBLPTRL
0x0FF7       [1]    TBLPTRH
0x0FF8       [1]    TBLPTRU
